[handleMsg]:  {
  key: {
    remoteJid: '5219321191952@s.whatsapp.net',
    fromMe: false,
    id: '3A97EA1E20270727D118',
    participant: undefined
  },
  messageTimestamp: 1719541703,
  pushName: 'Miguel Alexis',
  broadcast: false,
  message: Message {
    conversation: 'Pero si vuelvo a mandar el n칰mero 10,11,12 se traba o q?',
    messageContextInfo: MessageContextInfo {
      deviceListMetadata: [DeviceListMetadata],
      deviceListMetadataVersion: 2
    }
  },
  body: 'Pero si vuelvo a mandar el n칰mero 10,11,12 se traba o q?',
  from: '5219321191952'
}
[QUEUE_SE_ENVIO]:  {
  ref: 'ans_d9f9dcef-666d-4afb-a0cd-9e0e82288e34',
  keyword: 'key_23a296c4-1288-4f3c-b309-8cdd28e36ea4',
  answer: 'Contamos con 7 carreras:\n' +
    '*7- Administraci칩n* \n' +
    '*8- Agronom칤a* \n' +
    '*9- Bioqu칤mica*\n' +
    '*10- Electromec치nica*\n' +
    '*11- Energ칤as renovables*\n' +
    '*12- Industrial* \n' +
    '*13- Inform치tica* \n' +
    '쮻e qu칠 carrera te gustar칤a informaci칩n?',
  options: {
    media: null,
    buttons: [],
    capture: false,
    child: null,
    delay: 3000,
    idle: null,
    ref: null,
    nested: [],
    keyword: {},
    callback: false
  },
  refSerialize: '00dd53643d47e15bafb39857c225429f'
}
[QUEUE_SE_ENVIO]:  {
  ref: 'ans_2758019f-07d5-4160-8586-fead3655f4f5',
  keyword: 'ans_d9f9dcef-666d-4afb-a0cd-9e0e82288e34',
  answer: 'Por favor, escribe el *numero* de la carrera.',
  options: {
    media: null,
    buttons: [],
    capture: true,
    child: null,
    delay: 3000,
    idle: null,
    ref: null,
    nested: [],
    keyword: {},
    callback: true
  },
  refSerialize: '4daed0c5450e12db7d05b9345c060307'
}
[handleMsg]:  {
  key: {
    remoteJid: '5219321191952@s.whatsapp.net',
    fromMe: false,
    id: '3A8850076950C1558896',
    participant: undefined
  },
  messageTimestamp: 1719541716,
  pushName: 'Miguel Alexis',
  broadcast: false,
  message: Message {
    conversation: '7',
    messageContextInfo: MessageContextInfo {
      deviceListMetadata: [DeviceListMetadata],
      deviceListMetadataVersion: 2
    }
  },
  body: '7',
  from: '5219321191952'
}
[handleMsg]:  {
  key: {
    remoteJid: '5219321191952@s.whatsapp.net',
    fromMe: false,
    id: '3A04851DAE6D1970EAFF',
    participant: undefined
  },
  messageTimestamp: 1719541734,
  pushName: 'Miguel Alexis',
  broadcast: false,
  message: Message {
    conversation: 'Pues asi est치 bien',
    messageContextInfo: MessageContextInfo {
      deviceListMetadata: [DeviceListMetadata],
      deviceListMetadataVersion: 2
    }
  },
  body: 'Pues asi est치 bien',
  from: '5219321191952'
}
[QUEUE_SE_ENVIO]:  {
  ref: 'ans_d9f9dcef-666d-4afb-a0cd-9e0e82288e34',
  keyword: 'key_23a296c4-1288-4f3c-b309-8cdd28e36ea4',
  answer: 'Contamos con 7 carreras:\n' +
    '*7- Administraci칩n* \n' +
    '*8- Agronom칤a* \n' +
    '*9- Bioqu칤mica*\n' +
    '*10- Electromec치nica*\n' +
    '*11- Energ칤as renovables*\n' +
    '*12- Industrial* \n' +
    '*13- Inform치tica* \n' +
    '쮻e qu칠 carrera te gustar칤a informaci칩n?',
  options: {
    media: null,
    buttons: [],
    capture: false,
    child: null,
    delay: 3000,
    idle: null,
    ref: null,
    nested: [],
    keyword: {},
    callback: false
  },
  refSerialize: '00dd53643d47e15bafb39857c225429f'
}
[QUEUE_SE_ENVIO]:  {
  ref: 'ans_2758019f-07d5-4160-8586-fead3655f4f5',
  keyword: 'ans_d9f9dcef-666d-4afb-a0cd-9e0e82288e34',
  answer: 'Por favor, escribe el *numero* de la carrera.',
  options: {
    media: null,
    buttons: [],
    capture: true,
    child: null,
    delay: 3000,
    idle: null,
    ref: null,
    nested: [],
    keyword: {},
    callback: true
  },
  refSerialize: '4daed0c5450e12db7d05b9345c060307'
}
[handleMsg]:  {
  key: {
    remoteJid: '5219321191952@s.whatsapp.net',
    fromMe: false,
    id: '3A5E1A48980B808270DE',
    participant: undefined
  },
  messageTimestamp: 1719541762,
  pushName: 'Miguel Alexis',
  broadcast: false,
  message: Message {
    conversation: 'Hola',
    messageContextInfo: MessageContextInfo {
      deviceListMetadata: [DeviceListMetadata],
      deviceListMetadataVersion: 2
    }
  },
  body: 'Hola',
  from: '5219321191952'
}
[QUEUE_SE_ENVIO]:  {
  ref: 'ans_97aca8e7-0961-42cc-93e5-38e0a3e810d0',
  keyword: 'key_b990858d-108f-4afe-adf3-38380b4a33c2',
  answer: 'Buenas noches. Hola, soy el chat-bot del ITSS 游뱄 Bienvenid@ al men칰 principal. Por favor elige una opci칩n:\n' +
    '    \n' +
    '*1.* Informaci칩n sobre nuestras ingenier칤as\n' +
    '    \n' +
    '*2.* Informaci칩n sobre nuestra instituci칩n\n' +
    '    \n' +
    '*3.* Proceso de admisi칩n\n' +
    '    \n' +
    '*4.* Ubicaci칩n\n' +
    '    \n' +
    '*5.* Contacto\n' +
    '    \n' +
    '*6.* Hablar con un asesor\n' +
    '    \n' +
    '*Escribe el n칰mero de la opci칩n deseada.*',
  options: {
    media: null,
    buttons: [],
    capture: false,
    child: null,
    delay: 5000,
    idle: null,
    ref: null,
    nested: [],
    keyword: {},
    callback: false
  },
  refSerialize: '8c32c0be5a480d93122566af08f11f58'
}
[handleMsg]:  {
  key: {
    remoteJid: '5219321191952@s.whatsapp.net',
    fromMe: false,
    id: '3A932D272A831F0066BA',
    participant: undefined
  },
  messageTimestamp: 1719541784,
  pushName: 'Miguel Alexis',
  broadcast: false,
  message: Message {
    conversation: 'apgalo ya, simon esta bien',
    messageContextInfo: MessageContextInfo {
      deviceListMetadata: [DeviceListMetadata],
      deviceListMetadataVersion: 2
    }
  },
  body: 'apgalo ya, simon esta bien',
  from: '5219321191952'
}
[QUEUE_SE_ENVIO]:  {
  ref: 'ans_d9f9dcef-666d-4afb-a0cd-9e0e82288e34',
  keyword: 'key_23a296c4-1288-4f3c-b309-8cdd28e36ea4',
  answer: 'Contamos con 7 carreras:\n' +
    '*7- Administraci칩n* \n' +
    '*8- Agronom칤a* \n' +
    '*9- Bioqu칤mica*\n' +
    '*10- Electromec치nica*\n' +
    '*11- Energ칤as renovables*\n' +
    '*12- Industrial* \n' +
    '*13- Inform치tica* \n' +
    '쮻e qu칠 carrera te gustar칤a informaci칩n?',
  options: {
    media: null,
    buttons: [],
    capture: false,
    child: null,
    delay: 3000,
    idle: null,
    ref: null,
    nested: [],
    keyword: {},
    callback: false
  },
  refSerialize: '00dd53643d47e15bafb39857c225429f'
}
